<?xml version="1.0"?><coverage lines-covered="41" lines-valid="102" line-rate="0.4019607843137255" branches-covered="0" branches-valid="0" branch-rate="0" complexity="0" version="1.9" timestamp="1691147093"><sources><source>/home/sewer/repos/Reloaded.Hooks-rs/projects/reloaded-hooks-portable</source></sources><packages><package name="src/api" line-rate="0" branch-rate="0" complexity="0"><classes></classes></package><package name="benches" line-rate="0" branch-rate="0" complexity="0"><classes></classes></package><package name="src" line-rate="0.41836734693877553" branch-rate="0" complexity="0"><classes></classes></package><package name="target/debug/build/thiserror-bacaa0c4eb842a51/out" line-rate="0" branch-rate="0" complexity="0"><classes><class name="probe" filename="target/debug/build/thiserror-bacaa0c4eb842a51/out/probe.rs" line-rate="0" branch-rate="0" complexity="0"><methods/><lines><line number="6" hits="0"/><line number="7" hits="0"/></lines></class></classes></package><package name="src/graphs/algorithms" line-rate="0.39285714285714285" branch-rate="0" complexity="0"><classes><class name="move_graph_builder" filename="src/graphs/algorithms/move_graph_builder.rs" line-rate="1" branch-rate="0" complexity="0"><methods/><lines><line number="32" hits="3"/><line number="33" hits="3"/><line number="34" hits="3"/><line number="35" hits="3"/><line number="38" hits="12"/><line number="39" hits="3"/><line number="40" hits="3"/><line number="41" hits="8"/><line number="43" hits="3"/><line number="44" hits="3"/><line number="45" hits="9"/><line number="49" hits="12"/><line number="50" hits="3"/><line number="51" hits="3"/><line number="53" hits="3"/><line number="57" hits="13"/><line number="58" hits="5"/><line number="61" hits="3"/></lines></class><class name="move_optimizer" filename="src/graphs/algorithms/move_optimizer.rs" line-rate="0.10526315789473684" branch-rate="0" complexity="0"><methods/><lines><line number="28" hits="1"/><line number="33" hits="2"/><line number="34" hits="1"/><line number="35" hits="1"/><line number="36" hits="3"/><line number="37" hits="1"/><line number="40" hits="0"/><line number="41" hits="0"/><line number="42" hits="0"/><line number="43" hits="0"/><line number="44" hits="0"/><line number="45" hits="0"/><line number="47" hits="0"/><line number="48" hits="0"/><line number="49" hits="0"/><line number="51" hits="0"/><line number="52" hits="0"/><line number="53" hits="0"/><line number="54" hits="0"/><line number="55" hits="0"/><line number="60" hits="0"/><line number="63" hits="0"/><line number="70" hits="0"/><line number="71" hits="0"/><line number="73" hits="0"/><line number="75" hits="0"/><line number="77" hits="0"/><line number="78" hits="0"/><line number="81" hits="0"/><line number="82" hits="0"/><line number="83" hits="0"/><line number="84" hits="0"/><line number="90" hits="0"/><line number="91" hits="0"/><line number="92" hits="0"/><line number="93" hits="0"/><line number="96" hits="0"/><line number="97" hits="0"/><line number="102" hits="0"/><line number="105" hits="0"/><line number="106" hits="0"/><line number="107" hits="0"/><line number="108" hits="0"/><line number="111" hits="0"/><line number="112" hits="0"/><line number="119" hits="0"/><line number="123" hits="0"/><line number="124" hits="0"/><line number="125" hits="0"/><line number="127" hits="0"/><line number="128" hits="0"/><line number="131" hits="0"/><line number="132" hits="0"/><line number="135" hits="0"/><line number="136" hits="0"/><line number="137" hits="0"/><line number="141" hits="0"/></lines></class><class name="move_validator" filename="src/graphs/algorithms/move_validator.rs" line-rate="1" branch-rate="0" complexity="0"><methods/><lines><line number="22" hits="5"/><line number="27" hits="5"/><line number="29" hits="5"/><line number="30" hits="5"/><line number="33" hits="22"/><line number="34" hits="9"/><line number="35" hits="1"/><line number="38" hits="8"/><line number="41" hits="4"/></lines></class></classes></package><package name="src/graphs" line-rate="0.41836734693877553" branch-rate="0" complexity="0"><classes><class name="graph" filename="src/graphs/graph.rs" line-rate="0.4" branch-rate="0" complexity="0"><methods/><lines><line number="62" hits="3"/><line number="63" hits="3"/><line number="93" hits="5"/><line number="94" hits="5"/><line number="98" hits="0"/><line number="99" hits="0"/><line number="103" hits="0"/><line number="104" hits="0"/><line number="112" hits="0"/><line number="113" hits="0"/></lines></class><class name="node" filename="src/graphs/node.rs" line-rate="1" branch-rate="0" complexity="0"><methods/><lines><line number="61" hits="8"/><line number="64" hits="8"/><line number="94" hits="4"/><line number="95" hits="4"/></lines></class></classes></package><package name="target/debug/build/thiserror-eab37f34e58d6c67/out" line-rate="0" branch-rate="0" complexity="0"><classes><class name="probe" filename="target/debug/build/thiserror-eab37f34e58d6c67/out/probe.rs" line-rate="0" branch-rate="0" complexity="0"><methods/><lines><line number="6" hits="0"/><line number="7" hits="0"/></lines></class></classes></package><package name="src/structs" line-rate="0" branch-rate="0" complexity="0"><classes></classes></package></packages></coverage>